0 info it worked if it ends with ok
1 verbose cli [ 'node', '/usr/local/bin/npm', 'install', 'hubot-' ]
2 info using npm@1.4.28
3 info using node@v0.10.33
4 warn package.json hubot-maps@0.0.0 No repository field.
5 verbose readDependencies using package.json deps
6 verbose cache add [ 'hubot-', null ]
7 verbose cache add name=undefined spec="hubot-" args=["hubot-",null]
8 verbose parsed url { protocol: null,
8 verbose parsed url   slashes: null,
8 verbose parsed url   auth: null,
8 verbose parsed url   host: null,
8 verbose parsed url   port: null,
8 verbose parsed url   hostname: null,
8 verbose parsed url   hash: null,
8 verbose parsed url   search: null,
8 verbose parsed url   query: null,
8 verbose parsed url   pathname: 'hubot-',
8 verbose parsed url   path: 'hubot-',
8 verbose parsed url   href: 'hubot-' }
9 silly lockFile 64e94e4d-hubot hubot-
10 verbose lock hubot- /Users/gaku/.npm/64e94e4d-hubot.lock
11 silly lockFile 64e94e4d-hubot hubot-
12 silly lockFile 64e94e4d-hubot hubot-
13 verbose addNamed [ 'hubot-', '' ]
14 verbose addNamed [ null, '*' ]
15 silly lockFile 639923dc-hubot hubot-@
16 verbose lock hubot-@ /Users/gaku/.npm/639923dc-hubot.lock
17 silly addNameRange { name: 'hubot-', range: '*', hasData: false }
18 verbose request where is /hubot-
19 verbose request registry https://registry.npmjs.org/
20 verbose request id f6f0ce64e7aa761f
21 verbose url raw /hubot-
22 verbose url resolving [ 'https://registry.npmjs.org/', './hubot-' ]
23 verbose url resolved https://registry.npmjs.org/hubot-
24 verbose request where is https://registry.npmjs.org/hubot-
25 info trying registry request attempt 1 at 21:48:29
26 http GET https://registry.npmjs.org/hubot-
27 http 404 https://registry.npmjs.org/hubot-
28 verbose headers { date: 'Tue, 11 Nov 2014 12:48:29 GMT',
28 verbose headers   server: 'CouchDB/1.5.0 (Erlang OTP/R16B03)',
28 verbose headers   'content-type': 'application/json',
28 verbose headers   'cache-control': 'max-age=0',
28 verbose headers   'content-length': '52',
28 verbose headers   'accept-ranges': 'bytes',
28 verbose headers   via: '1.1 varnish',
28 verbose headers   age: '0',
28 verbose headers   'x-served-by': 'cache-ty66-TYO',
28 verbose headers   'x-cache': 'MISS',
28 verbose headers   'x-cache-hits': '0',
28 verbose headers   'x-timer': 'S1415710109.612014,VS0,VE123',
28 verbose headers   'keep-alive': 'timeout=10, max=50',
28 verbose headers   connection: 'Keep-Alive' }
29 silly registry.get cb [ 404,
29 silly registry.get   { date: 'Tue, 11 Nov 2014 12:48:29 GMT',
29 silly registry.get     server: 'CouchDB/1.5.0 (Erlang OTP/R16B03)',
29 silly registry.get     'content-type': 'application/json',
29 silly registry.get     'cache-control': 'max-age=0',
29 silly registry.get     'content-length': '52',
29 silly registry.get     'accept-ranges': 'bytes',
29 silly registry.get     via: '1.1 varnish',
29 silly registry.get     age: '0',
29 silly registry.get     'x-served-by': 'cache-ty66-TYO',
29 silly registry.get     'x-cache': 'MISS',
29 silly registry.get     'x-cache-hits': '0',
29 silly registry.get     'x-timer': 'S1415710109.612014,VS0,VE123',
29 silly registry.get     'keep-alive': 'timeout=10, max=50',
29 silly registry.get     connection: 'Keep-Alive' } ]
30 silly lockFile 639923dc-hubot hubot-@
31 silly lockFile 639923dc-hubot hubot-@
32 error 404 404 Not Found: hubot-
32 error 404
32 error 404 'hubot-' is not in the npm registry.
32 error 404 You should bug the author to publish it
32 error 404 It was specified as a dependency of 'myhubot'
32 error 404
32 error 404 Note that you can also install from a
32 error 404 tarball, folder, or http url, or git url.
33 error System Darwin 14.0.0
34 error command "node" "/usr/local/bin/npm" "install" "hubot-"
35 error cwd /Users/gaku/myhubot
36 error node -v v0.10.33
37 error npm -v 1.4.28
38 error code E404
39 verbose exit [ 1, true ]
